# JRE version: OpenJDK Runtime Environment Temurin-17.0.7+7 (17.0.7+7) (build 17.0.7+7)
# Java VM: OpenJDK 64-Bit Server VM Temurin-17.0.7+7 (17.0.7+7, mixed mode, tiered, compressed oops, compressed class ptrs, g1 gc, windows-amd64)
GC Precious Log:
 CPUs: 12 total, 12 available
 Memory: 16327M
 Large Page Support: Disabled
 NUMA Support: Disabled
 Compressed Oops: Enabled (Zero based)
 Heap Region Size: 2M
 Heap Min Capacity: 8M
 Heap Initial Capacity: 256M
 Heap Max Capacity: 4082M
 Pre-touch: Disabled
 Parallel Workers: 10
 Concurrent Workers: 3
 Concurrent Refinement Workers: 10
 Periodic GC: Disabled
Heap:
 garbage-first heap   total 438272K, used 117932K [0x0000000700e00000, 0x0000000800000000)
  region size 2048K, 10 young (20480K), 10 survivors (20480K)
 Metaspace       used 11825K, committed 11968K, reserved 1114112K
  class space    used 1040K, committed 1152K, reserved 1048576K
GC Heap History (19 events):
Event: 1.702 GC heap before
{Heap before GC invocations=0 (full 0):
 garbage-first heap   total 262144K, used 22528K [0x0000000700e00000, 0x0000000800000000)
  region size 2048K, 11 young (22528K), 0 survivors (0K)
 Metaspace       used 11773K, committed 11968K, reserved 1114112K
  class space    used 1040K, committed 1152K, reserved 1048576K
}
Event: 1.706 GC heap after
{Heap after GC invocations=1 (full 0):
 garbage-first heap   total 262144K, used 2802K [0x0000000700e00000, 0x0000000800000000)
  region size 2048K, 2 young (4096K), 2 survivors (4096K)
 Metaspace       used 11773K, committed 11968K, reserved 1114112K
  class space    used 1040K, committed 1152K, reserved 1048576K
}
Event: 1.755 GC heap before
{Heap before GC invocations=1 (full 0):
 garbage-first heap   total 262144K, used 35570K [0x0000000700e00000, 0x0000000800000000)
  region size 2048K, 18 young (36864K), 2 survivors (4096K)
 Metaspace       used 11797K, committed 11968K, reserved 1114112K
  class space    used 1040K, committed 1152K, reserved 1048576K
}
Event: 1.758 GC heap after
{Heap after GC invocations=2 (full 0):
 garbage-first heap   total 262144K, used 5411K [0x0000000700e00000, 0x0000000800000000)
  region size 2048K, 3 young (6144K), 3 survivors (6144K)
 Metaspace       used 11797K, committed 11968K, reserved 1114112K
  class space    used 1040K, committed 1152K, reserved 1048576K
}
Event: 1.925 GC heap before
{Heap before GC invocations=2 (full 0):
 garbage-first heap   total 262144K, used 154915K [0x0000000700e00000, 0x0000000800000000)
  region size 2048K, 76 young (155648K), 3 survivors (6144K)
 Metaspace       used 11816K, committed 11968K, reserved 1114112K
  class space    used 1040K, committed 1152K, reserved 1048576K
}
Event: 1.932 GC heap after
{Heap after GC invocations=3 (full 0):
 garbage-first heap   total 262144K, used 16200K [0x0000000700e00000, 0x0000000800000000)
  region size 2048K, 8 young (16384K), 8 survivors (16384K)
 Metaspace       used 11816K, committed 11968K, reserved 1114112K
  class space    used 1040K, committed 1152K, reserved 1048576K
}
Event: 2.048 GC heap before
{Heap before GC invocations=3 (full 0):
 garbage-first heap   total 262144K, used 155464K [0x0000000700e00000, 0x0000000800000000)
  region size 2048K, 76 young (155648K), 8 survivors (16384K)
 Metaspace       used 11816K, committed 11968K, reserved 1114112K
  class space    used 1040K, committed 1152K, reserved 1048576K
}
Event: 2.060 GC heap after
{Heap after GC invocations=4 (full 0):
 garbage-first heap   total 262144K, used 27292K [0x0000000700e00000, 0x0000000800000000)
  region size 2048K, 6 young (12288K), 6 survivors (12288K)
 Metaspace       used 11816K, committed 11968K, reserved 1114112K
  class space    used 1040K, committed 1152K, reserved 1048576K
}
Event: 2.151 GC heap before
{Heap before GC invocations=4 (full 0):
 garbage-first heap   total 262144K, used 170652K [0x0000000700e00000, 0x0000000800000000)
  region size 2048K, 76 young (155648K), 6 survivors (12288K)
 Metaspace       used 11816K, committed 11968K, reserved 1114112K
  class space    used 1040K, committed 1152K, reserved 1048576K
}
Event: 2.158 GC heap after
{Heap after GC invocations=5 (full 0):
 garbage-first heap   total 262144K, used 36656K [0x0000000700e00000, 0x0000000800000000)
  region size 2048K, 10 young (20480K), 10 survivors (20480K)
 Metaspace       used 11816K, committed 11968K, reserved 1114112K
  class space    used 1040K, committed 1152K, reserved 1048576K
}
Event: 2.263 GC heap before
{Heap before GC invocations=5 (full 0):
 garbage-first heap   total 262144K, used 171824K [0x0000000700e00000, 0x0000000800000000)
  region size 2048K, 76 young (155648K), 10 survivors (20480K)
 Metaspace       used 11816K, committed 11968K, reserved 1114112K
  class space    used 1040K, committed 1152K, reserved 1048576K
}
Event: 2.271 GC heap after
{Heap after GC invocations=6 (full 0):
 garbage-first heap   total 438272K, used 44840K [0x0000000700e00000, 0x0000000800000000)
  region size 2048K, 9 young (18432K), 9 survivors (18432K)
 Metaspace       used 11816K, committed 11968K, reserved 1114112K
  class space    used 1040K, committed 1152K, reserved 1048576K
}
Event: 2.460 GC heap before
{Heap before GC invocations=6 (full 0):
 garbage-first heap   total 438272K, used 288552K [0x0000000700e00000, 0x0000000800000000)
  region size 2048K, 128 young (262144K), 9 survivors (18432K)
 Metaspace       used 11816K, committed 11968K, reserved 1114112K
  class space    used 1040K, committed 1152K, reserved 1048576K
}
Event: 2.470 GC heap after
{Heap after GC invocations=7 (full 0):
 garbage-first heap   total 438272K, used 61757K [0x0000000700e00000, 0x0000000800000000)
  region size 2048K, 12 young (24576K), 12 survivors (24576K)
 Metaspace       used 11816K, committed 11968K, reserved 1114112K
  class space    used 1040K, committed 1152K, reserved 1048576K
}
Event: 2.576 GC heap before
{Heap before GC invocations=7 (full 0):
 garbage-first heap   total 438272K, used 299325K [0x0000000700e00000, 0x0000000800000000)
  region size 2048K, 128 young (262144K), 12 survivors (24576K)
 Metaspace       used 11825K, committed 11968K, reserved 1114112K
  class space    used 1040K, committed 1152K, reserved 1048576K
}
Event: 2.587 GC heap after
{Heap after GC invocations=8 (full 0):
 garbage-first heap   total 438272K, used 78583K [0x0000000700e00000, 0x0000000800000000)
  region size 2048K, 16 young (32768K), 16 survivors (32768K)
 Metaspace       used 11825K, committed 11968K, reserved 1114112K
  class space    used 1040K, committed 1152K, reserved 1048576K
}
Event: 2.685 GC heap before
{Heap before GC invocations=8 (full 0):
 garbage-first heap   total 438272K, used 307959K [0x0000000700e00000, 0x0000000800000000)
  region size 2048K, 128 young (262144K), 16 survivors (32768K)
 Metaspace       used 11825K, committed 11968K, reserved 1114112K
  class space    used 1040K, committed 1152K, reserved 1048576K
}
Event: 2.699 GC heap after
{Heap after GC invocations=9 (full 0):
 garbage-first heap   total 438272K, used 98429K [0x0000000700e00000, 0x0000000800000000)
  region size 2048K, 10 young (20480K), 10 survivors (20480K)
 Metaspace       used 11825K, committed 11968K, reserved 1114112K
  class space    used 1040K, committed 1152K, reserved 1048576K
}
Event: 2.795 GC heap before
{Heap before GC invocations=9 (full 0):
 garbage-first heap   total 438272K, used 340093K [0x0000000700e00000, 0x0000000800000000)
  region size 2048K, 128 young (262144K), 10 survivors (20480K)
 Metaspace       used 11825K, committed 11968K, reserved 1114112K
  class space    used 1040K, committed 1152K, reserved 1048576K
}

